c:\users\marieke\documents\dae\semester 4\programming 4\week1\textadventure\adventure\debug\vc140.pdb
c:\users\marieke\documents\dae\semester 4\programming 4\week1\textadventure\adventure\debug\vc140.idb
c:\users\marieke\documents\dae\semester 4\programming 4\week1\textadventure\adventure\debug\location.obj
c:\users\marieke\documents\dae\semester 4\programming 4\week1\textadventure\adventure\debug\main.obj
c:\users\marieke\documents\dae\semester 4\programming 4\week1\textadventure\adventure\debug\item.obj
c:\users\marieke\documents\dae\semester 4\programming 4\week1\textadventure\adventure\debug\npc.obj
c:\users\marieke\documents\dae\semester 4\programming 4\week1\textadventure\adventure\debug\filereader.obj
c:\users\marieke\documents\dae\semester 4\programming 4\week1\textadventure\adventure\debug\game.obj
c:\users\marieke\documents\dae\semester 4\programming 4\week1\textadventure\adventure\debug\parser.obj
c:\users\marieke\documents\dae\semester 4\programming 4\week1\textadventure\adventure\debug\chapter1.obj
c:\users\marieke\documents\dae\semester 4\programming 4\week1\textadventure\adventure\debug\helpers.obj
c:\users\marieke\documents\dae\semester 4\programming 4\week1\textadventure\adventure\debug\state.obj
c:\users\marieke\documents\dae\semester 4\programming 4\week1\textadventure\adventure\debug\statemachine.obj
c:\users\marieke\documents\dae\semester 4\programming 4\week1\textadventure\adventure\debug\phone.obj
c:\users\marieke\documents\dae\semester 4\programming 4\week1\textadventure\adventure\debug\chapter2.obj
c:\users\marieke\documents\dae\semester 4\programming 4\week1\textadventure\adventure\debug\container.obj
c:\users\marieke\documents\dae\semester 4\programming 4\week1\textadventure\adventure\debug\adventure.ilk
c:\users\marieke\documents\dae\semester 4\programming 4\week1\textadventure\adventure\debug\adventure.exe
c:\users\marieke\documents\dae\semester 4\programming 4\week1\textadventure\adventure\debug\adventure.pdb
c:\users\marieke\documents\dae\semester 4\programming 4\week1\textadventure\adventure\debug\adventure.tlog\cl.command.1.tlog
c:\users\marieke\documents\dae\semester 4\programming 4\week1\textadventure\adventure\debug\adventure.tlog\cl.read.1.tlog
c:\users\marieke\documents\dae\semester 4\programming 4\week1\textadventure\adventure\debug\adventure.tlog\cl.write.1.tlog
c:\users\marieke\documents\dae\semester 4\programming 4\week1\textadventure\adventure\debug\adventure.tlog\link.command.1.tlog
c:\users\marieke\documents\dae\semester 4\programming 4\week1\textadventure\adventure\debug\adventure.tlog\link.read.1.tlog
c:\users\marieke\documents\dae\semester 4\programming 4\week1\textadventure\adventure\debug\adventure.tlog\link.write.1.tlog
